mode: set
github.com/cerdore/cdb/db.go:64.34,65.21 1 1
github.com/cerdore/cdb/db.go:69.2,69.24 1 1
github.com/cerdore/cdb/db.go:65.21,67.3 1 1
github.com/cerdore/cdb/db.go:69.24,71.3 1 1
github.com/cerdore/cdb/db.go:76.49,79.56 2 1
github.com/cerdore/cdb/db.go:83.2,85.56 2 1
github.com/cerdore/cdb/db.go:95.2,95.25 1 1
github.com/cerdore/cdb/db.go:79.56,81.3 1 0
github.com/cerdore/cdb/db.go:85.56,86.48 1 1
github.com/cerdore/cdb/db.go:86.48,88.4 1 0
github.com/cerdore/cdb/db.go:89.8,89.23 1 1
github.com/cerdore/cdb/db.go:89.23,91.3 1 0
github.com/cerdore/cdb/db.go:91.8,93.3 1 1
github.com/cerdore/cdb/db.go:98.46,104.24 4 1
github.com/cerdore/cdb/db.go:104.24,105.101 1 1
github.com/cerdore/cdb/db.go:105.101,107.4 1 0
github.com/cerdore/cdb/db.go:107.9,107.24 1 1
github.com/cerdore/cdb/db.go:107.24,109.4 1 0
github.com/cerdore/cdb/db.go:109.9,111.61 2 1
github.com/cerdore/cdb/db.go:117.4,117.14 1 1
github.com/cerdore/cdb/db.go:111.61,114.5 1 0
github.com/cerdore/cdb/db.go:114.10,114.25 1 1
github.com/cerdore/cdb/db.go:114.25,116.5 1 0
github.com/cerdore/cdb/db.go:119.8,119.23 1 1
github.com/cerdore/cdb/db.go:119.23,121.3 1 0
github.com/cerdore/cdb/db.go:121.8,126.17 4 1
github.com/cerdore/cdb/db.go:130.3,130.21 1 1
github.com/cerdore/cdb/db.go:126.17,128.4 1 0
github.com/cerdore/cdb/db.go:130.21,132.4 1 1
github.com/cerdore/cdb/db.go:132.9,134.4 1 1
github.com/cerdore/cdb/db.go:140.50,143.56 2 1
github.com/cerdore/cdb/db.go:151.2,151.49 1 1
github.com/cerdore/cdb/db.go:155.2,159.16 3 1
github.com/cerdore/cdb/db.go:163.2,163.12 1 1
github.com/cerdore/cdb/db.go:175.2,176.16 2 1
github.com/cerdore/cdb/db.go:186.2,200.16 4 1
github.com/cerdore/cdb/db.go:143.56,144.17 1 1
github.com/cerdore/cdb/db.go:144.17,146.4 1 1
github.com/cerdore/cdb/db.go:146.9,148.4 1 0
github.com/cerdore/cdb/db.go:151.49,153.3 1 1
github.com/cerdore/cdb/db.go:159.16,161.3 1 0
github.com/cerdore/cdb/db.go:163.12,165.17 2 1
github.com/cerdore/cdb/db.go:168.3,168.23 1 1
github.com/cerdore/cdb/db.go:165.17,167.4 1 0
github.com/cerdore/cdb/db.go:169.8,170.43 1 1
github.com/cerdore/cdb/db.go:170.43,172.4 1 0
github.com/cerdore/cdb/db.go:176.16,178.3 1 0
github.com/cerdore/cdb/db.go:178.8,178.19 1 1
github.com/cerdore/cdb/db.go:178.19,180.17 2 1
github.com/cerdore/cdb/db.go:183.3,183.34 1 1
github.com/cerdore/cdb/db.go:180.17,182.4 1 0
github.com/cerdore/cdb/db.go:203.56,205.51 2 1
github.com/cerdore/cdb/db.go:205.51,207.3 1 1
github.com/cerdore/cdb/db.go:207.8,207.23 1 1
github.com/cerdore/cdb/db.go:207.23,209.3 1 0
github.com/cerdore/cdb/db.go:209.8,211.3 1 1
github.com/cerdore/cdb/db.go:215.55,219.16 3 1
github.com/cerdore/cdb/db.go:223.2,223.14 1 1
github.com/cerdore/cdb/db.go:219.16,221.3 1 0
github.com/cerdore/cdb/db.go:223.14,225.3 1 1
github.com/cerdore/cdb/db.go:225.8,227.3 1 1
github.com/cerdore/cdb/db.go:231.28,243.2 5 1
github.com/cerdore/cdb/db.go:245.29,248.2 2 1
github.com/cerdore/cdb/db.go:252.46,257.47 4 1
github.com/cerdore/cdb/db.go:263.2,263.16 1 1
github.com/cerdore/cdb/db.go:289.2,289.17 1 1
github.com/cerdore/cdb/db.go:257.47,259.3 1 1
github.com/cerdore/cdb/db.go:263.16,266.28 1 1
github.com/cerdore/cdb/db.go:266.28,267.56 1 1
github.com/cerdore/cdb/db.go:267.56,268.20 1 1
github.com/cerdore/cdb/db.go:271.5,271.30 1 1
github.com/cerdore/cdb/db.go:268.20,269.26 1 0
github.com/cerdore/cdb/db.go:271.30,273.27 2 1
github.com/cerdore/cdb/db.go:276.6,277.20 2 1
github.com/cerdore/cdb/db.go:281.6,281.20 1 1
github.com/cerdore/cdb/db.go:273.27,275.7 1 1
github.com/cerdore/cdb/db.go:277.20,279.7 1 0
github.com/cerdore/cdb/db.go:281.20,283.7 1 1
github.com/cerdore/cdb/db.go:292.80,295.16 2 1
github.com/cerdore/cdb/db.go:298.2,300.39 2 1
github.com/cerdore/cdb/db.go:295.16,297.3 1 0
github.com/cerdore/cdb/db.go:304.62,308.83 3 1
github.com/cerdore/cdb/db.go:312.2,315.70 2 1
github.com/cerdore/cdb/db.go:342.2,342.12 1 1
github.com/cerdore/cdb/db.go:308.83,310.3 1 0
github.com/cerdore/cdb/db.go:315.70,323.17 5 1
github.com/cerdore/cdb/db.go:337.3,339.20 2 1
github.com/cerdore/cdb/db.go:323.17,336.4 5 1
github.com/cerdore/cdb/db.go:346.51,350.80 3 1
github.com/cerdore/cdb/db.go:353.2,355.12 2 1
github.com/cerdore/cdb/db.go:350.80,352.3 1 0
github.com/cerdore/cdb/db.go:358.34,360.6 2 1
github.com/cerdore/cdb/db.go:360.6,361.10 1 1
github.com/cerdore/cdb/db.go:362.20,365.43 2 1
github.com/cerdore/cdb/db.go:368.25,369.10 1 1
github.com/cerdore/cdb/db.go:365.43,367.5 1 0
github.com/cerdore/cdb/db.go:374.84,381.16 4 1
github.com/cerdore/cdb/db.go:385.2,385.64 1 1
github.com/cerdore/cdb/db.go:381.16,383.3 1 0
github.com/cerdore/cdb/db.go:388.35,390.33 2 1
github.com/cerdore/cdb/db.go:418.2,418.46 1 1
github.com/cerdore/cdb/db.go:422.2,422.12 1 1
github.com/cerdore/cdb/db.go:390.33,392.17 2 1
github.com/cerdore/cdb/db.go:395.3,399.17 3 1
github.com/cerdore/cdb/db.go:392.17,394.4 1 0
github.com/cerdore/cdb/db.go:399.17,400.37 1 1
github.com/cerdore/cdb/db.go:404.4,407.49 3 1
github.com/cerdore/cdb/db.go:411.4,412.25 2 1
github.com/cerdore/cdb/db.go:400.37,402.5 1 0
github.com/cerdore/cdb/db.go:407.49,409.5 1 0
github.com/cerdore/cdb/db.go:413.9,415.4 1 0
github.com/cerdore/cdb/db.go:418.46,420.3 1 0
